2018-04-05 23:12:48,320@connect4_zero.manager INFO # config type: normal
2018-04-05 23:13:04,565@connect4_zero.agent.model_connect4 DEBUG # model files does not exist at /Users/Armando/Documents/git/NeuralExample/connect4-alpha-zero/data/model/model_best_config.json and /Users/Armando/Documents/git/NeuralExample/connect4-alpha-zero/data/model/model_best_weight.h5
2018-04-05 23:15:28,072@connect4_zero.manager INFO # config type: normal
2018-04-05 23:15:42,074@connect4_zero.agent.model_connect4 DEBUG # model files does not exist at /Users/Armando/Documents/git/NeuralExample/connect4-alpha-zero/data/model/model_best_config.json and /Users/Armando/Documents/git/NeuralExample/connect4-alpha-zero/data/model/model_best_weight.h5
2018-04-05 23:15:43,039@connect4_zero.agent.model_connect4 DEBUG # save model to /Users/Armando/Documents/git/NeuralExample/connect4-alpha-zero/data/model/model_best_config.json
2018-04-05 23:15:43,690@connect4_zero.agent.model_connect4 DEBUG # saved model digest 7ff2a5de494758c5a63d8ebfa42dddb3cfad05e2e6906502dd7fa1b8aa5c7194
2018-04-05 23:15:43,690@asyncio DEBUG # Using selector: KqueueSelector
2018-04-05 23:15:45,457@connect4_zero.worker.self_play DEBUG # game 1 time=1.7673778533935547 sec, turn=11:XXXX XO OO  O  X   O                       - Winner:Winner.white
2018-04-05 23:15:46,802@connect4_zero.worker.self_play DEBUG # game 2 time=1.3440630435943604 sec, turn=9:XO O XOX     OX      X                     - Winner:Winner.white
2018-04-05 23:15:53,983@connect4_zero.worker.self_play DEBUG # game 3 time=7.181521892547607 sec, turn=27:XOXXOOXOXOOX OOXXXX O  OO  X  XX  X  O   O - Winner:Winner.white
2018-04-05 23:15:56,049@connect4_zero.worker.self_play DEBUG # game 4 time=2.0650486946105957 sec, turn=12: OXOXXX XOOOOX                             - Winner:Winner.black
2018-04-05 23:16:07,925@connect4_zero.worker.self_play DEBUG # game 5 time=11.87631106376648 sec, turn=42:XXOXXOOXOXXXOOXXXOOXXOOXXOOOXXOOXXXXOOOOOO - Winner:Winner.black
2018-04-05 23:16:13,942@connect4_zero.worker.self_play DEBUG # game 6 time=6.016727924346924 sec, turn=24:OXOXOXX OXXOOX XOOXOX X O  O O      X      - Winner:Winner.black
2018-04-05 23:16:17,327@connect4_zero.manager INFO # config type: normal
2018-04-05 23:16:19,492@connect4_zero.worker.self_play DEBUG # game 7 time=5.54955792427063 sec, turn=21:XOXOOXOXOOXOXXOX   OX O    X      X        - Winner:Winner.white
2018-04-05 23:16:23,723@connect4_zero.worker.self_play DEBUG # game 8 time=4.230366945266724 sec, turn=16:OOXXOXXOX OX  O  XO  O  X                  - Winner:Winner.black
2018-04-05 23:16:25,827@connect4_zero.worker.self_play DEBUG # game 9 time=2.104038953781128 sec, turn=11:XXOXXXXO  OO      O                        - Winner:Winner.white
2018-04-05 23:16:34,138@connect4_zero.worker.self_play DEBUG # game 10 time=8.310885190963745 sec, turn=29:OOOXXOXXOXXOX XOOOX  OXXX   OXOO   XO X    - Winner:Winner.white
2018-04-05 23:16:40,342@connect4_zero.worker.optimize DEBUG # loading best model
2018-04-05 23:16:40,343@connect4_zero.agent.model_connect4 DEBUG # loading model from /Users/Armando/Documents/git/NeuralExample/connect4-alpha-zero/data/model/model_best_config.json
2018-04-05 23:16:42,855@connect4_zero.agent.model_connect4 DEBUG # loaded model digest = 7ff2a5de494758c5a63d8ebfa42dddb3cfad05e2e6906502dd7fa1b8aa5c7194
2018-04-05 23:16:42,938@connect4_zero.worker.optimize INFO # dataset_size=0 is less than 10000
2018-04-05 23:16:44,546@connect4_zero.worker.self_play DEBUG # game 11 time=10.408259153366089 sec, turn=37:XXOXXXOOOXXOOXOOXOOOXOXXXOO X OXXX O XOXO  - Winner:Winner.white
2018-04-05 23:16:45,965@connect4_zero.worker.self_play DEBUG # game 12 time=1.4187850952148438 sec, turn=9:X O OX O   OX      X      X                - Winner:Winner.white
2018-04-05 23:16:47,535@connect4_zero.worker.self_play DEBUG # game 13 time=1.5691771507263184 sec, turn=10: OOOOXX     OX     XX                      - Winner:Winner.black
2018-04-05 23:16:49,161@connect4_zero.worker.self_play DEBUG # game 14 time=1.6259160041809082 sec, turn=10: O  XOX O  XXX O      O                    - Winner:Winner.black
2018-04-05 23:16:50,539@connect4_zero.worker.self_play DEBUG # game 15 time=1.3778481483459473 sec, turn=9: OXXXXO O X O                              - Winner:Winner.white
2018-04-05 23:16:56,217@connect4_zero.worker.self_play DEBUG # game 16 time=5.677894115447998 sec, turn=23:OXOOXOXXOXX OXXOX  XO X   XO     O      O  - Winner:Winner.white
2018-04-05 23:16:58,940@connect4_zero.worker.self_play DEBUG # game 17 time=2.723087787628174 sec, turn=14:OOXXOX OX XOX  X  O      O                 - Winner:Winner.black
2018-04-05 23:17:01,965@connect4_zero.manager INFO # config type: normal
2018-04-05 23:17:06,722@connect4_zero.worker.self_play DEBUG # game 18 time=7.780921220779419 sec, turn=28:XXOOOXXXX OXOOOO OOXXXO XXOO   O  X   X    - Winner:Winner.black
2018-04-05 23:17:10,962@connect4_zero.worker.self_play DEBUG # game 19 time=4.24038290977478 sec, turn=17:XOXXXO  XXOXO  OXOO   OX                   - Winner:Winner.white
2018-04-05 23:17:17,779@connect4_zero.worker.self_play DEBUG # game 20 time=6.816605091094971 sec, turn=23:XXOOOXXOOXXXOXOXOXX   OO X   O             - Winner:Winner.white
2018-04-05 23:17:21,773@connect4_zero.worker.self_play DEBUG # game 21 time=3.9936580657958984 sec, turn=17:XOOXOOXO  OXXXX  OX     X      O           - Winner:Winner.white
2018-04-05 23:17:27,382@connect4_zero.agent.model_connect4 DEBUG # loading model from /Users/Armando/Documents/git/NeuralExample/connect4-alpha-zero/data/model/model_best_config.json
2018-04-05 23:17:30,224@connect4_zero.agent.model_connect4 DEBUG # loaded model digest = 7ff2a5de494758c5a63d8ebfa42dddb3cfad05e2e6906502dd7fa1b8aa5c7194
2018-04-05 23:17:30,230@connect4_zero.worker.evaluate INFO # There is no next generation model to evaluate
2018-04-05 23:17:30,703@connect4_zero.worker.self_play DEBUG # game 22 time=8.929994106292725 sec, turn=31:OOXOXXXOXOXOOXOXOO XOXOOX  XXXXX    OO     - Winner:Winner.white
2018-04-05 23:17:34,176@connect4_zero.worker.self_play DEBUG # game 23 time=3.4727091789245605 sec, turn=17:XOOXOOXO   XXOX    XXO     XO              - Winner:Winner.white
2018-04-05 23:17:39,218@connect4_zero.worker.self_play DEBUG # game 24 time=5.041957855224609 sec, turn=20:OOXXOXXXOX XOOXOO O X O    X               - Winner:Winner.black
2018-04-05 23:17:42,937@connect4_zero.worker.optimize INFO # dataset_size=0 is less than 10000
2018-04-05 23:17:43,033@connect4_zero.worker.self_play DEBUG # game 25 time=3.8147881031036377 sec, turn=17:XOX XOXO X OO O X XO   X  X      O         - Winner:Winner.white
2018-04-05 23:17:44,187@connect4_zero.worker.self_play DEBUG # game 26 time=1.1533942222595215 sec, turn=7:  X OOO  X      X      X                   - Winner:Winner.white
2018-04-05 23:17:49,366@connect4_zero.worker.self_play DEBUG # game 27 time=5.179371118545532 sec, turn=20:XXO XO OXO XX OOX  O OX   X OO      X      - Winner:Winner.black
2018-04-05 23:17:54,479@connect4_zero.worker.self_play DEBUG # game 28 time=5.11214280128479 sec, turn=21:OXOXXOOXXXXXXOXXO O  OO  O                 - Winner:Winner.white
2018-04-05 23:17:55,986@connect4_zero.worker.self_play DEBUG # game 29 time=1.507397174835205 sec, turn=10:O X XOX     OX     OX     O                - Winner:Winner.black
2018-04-05 23:17:58,068@connect4_zero.worker.self_play DEBUG # game 30 time=2.0813450813293457 sec, turn=12: OXXXO   OXO    XOX      O                 - Winner:Winner.black
2018-04-05 23:17:59,326@connect4_zero.worker.self_play DEBUG # game 31 time=1.257349967956543 sec, turn=8:X OOOOXX     X                             - Winner:Winner.black
2018-04-05 23:18:04,062@connect4_zero.worker.self_play DEBUG # game 32 time=4.736138105392456 sec, turn=20:OXXXOOXOOXOX XXOOOO  XX                    - Winner:Winner.black
2018-04-05 23:18:14,894@connect4_zero.worker.self_play DEBUG # game 33 time=10.831989049911499 sec, turn=37:XOXXOOXXOOOXOOOXOXOXXOXOXXXOXO O XXXO   OX - Winner:Winner.white
2018-04-05 23:18:16,437@connect4_zero.worker.self_play DEBUG # game 34 time=1.5428683757781982 sec, turn=9:XXXX  OOOX    O                            - Winner:Winner.white
2018-04-05 23:18:21,946@connect4_zero.worker.self_play DEBUG # game 35 time=5.508342027664185 sec, turn=23:XOXXOXOOOXOXOX  OOOX   OXX    XX           - Winner:Winner.white
2018-04-05 23:18:26,021@connect4_zero.worker.self_play DEBUG # game 36 time=4.07457423210144 sec, turn=17:XOOXXOXOXXOO  OXO X  X                     - Winner:Winner.white
2018-04-05 23:18:30,230@connect4_zero.worker.evaluate INFO # There is no next generation model to evaluate
2018-04-05 23:18:31,113@connect4_zero.worker.self_play DEBUG # game 37 time=5.092375993728638 sec, turn=21:XXXOOXOOXOOXXXO XXOO O X                   - Winner:Winner.white
2018-04-05 23:18:34,621@connect4_zero.worker.self_play DEBUG # game 38 time=3.5080111026763916 sec, turn=16:X  OXXOO  XXOXO    O O    X O    X         - Winner:Winner.black
2018-04-05 23:18:36,747@connect4_zero.worker.self_play DEBUG # game 39 time=2.1251442432403564 sec, turn=12: OXXOXX   OOOO   X X                       - Winner:Winner.black
2018-04-05 23:18:43,382@connect4_zero.worker.self_play DEBUG # game 40 time=6.635150194168091 sec, turn=26:OXOXO XXOOXX OOOO O XXXO X XXX    O      O - Winner:Winner.black
2018-04-05 23:18:47,675@connect4_zero.worker.self_play DEBUG # game 41 time=4.293210029602051 sec, turn=18:OOOXXOXX OOOXXX XO X   O                   - Winner:Winner.black
2018-04-05 23:18:51,059@connect4_zero.worker.self_play DEBUG # game 42 time=3.383647918701172 sec, turn=16:XXOXXOO   OOX    XOX    O O    X           - Winner:Winner.black
2018-04-05 23:18:53,909@connect4_zero.worker.self_play DEBUG # game 43 time=2.849766969680786 sec, turn=14:XOXOOOX  XXO    XO     OX                  - Winner:Winner.black
2018-04-05 23:18:55,987@connect4_zero.worker.self_play DEBUG # game 44 time=2.0778841972351074 sec, turn=12:OOOOXXX  X O X  X   O                      - Winner:Winner.black
2018-04-05 23:19:06,190@connect4_zero.worker.self_play DEBUG # game 45 time=10.20196795463562 sec, turn=33:OXXOOXXXOOXOOOOXXOXO XXOOXX OXXX    OXO    - Winner:Winner.white
2018-04-05 23:19:13,255@connect4_zero.worker.self_play DEBUG # game 46 time=7.064847230911255 sec, turn=24:XXOXXOOOOXXOXXOOOOX OX  OX      X          - Winner:Winner.black
2018-04-05 23:19:16,032@connect4_zero.worker.self_play DEBUG # game 47 time=2.7767281532287598 sec, turn=13:OOOX  XOXXO  XOX     X                     - Winner:Winner.white
2018-04-05 23:19:17,932@connect4_zero.worker.self_play DEBUG # game 48 time=1.9001421928405762 sec, turn=11:OX XOOX O  O X      X      X               - Winner:Winner.white
2018-04-05 23:19:23,888@connect4_zero.worker.self_play DEBUG # game 49 time=5.955379009246826 sec, turn=21:XXXOOXOXXO OOXX X   OX O   X  O   O        - Winner:Winner.white
2018-04-05 23:19:27,736@connect4_zero.worker.self_play DEBUG # game 50 time=3.8479111194610596 sec, turn=16:X OXXOX  XXOOO   O OX   X O                - Winner:Winner.black
2018-04-05 23:19:31,173@connect4_zero.worker.self_play DEBUG # game 51 time=3.437495231628418 sec, turn=15:XOXOOXOX OXXOOX      X                     - Winner:Winner.white
2018-04-05 23:19:38,698@connect4_zero.worker.self_play DEBUG # game 52 time=7.524058818817139 sec, turn=26:XOXXXOXOXOOOXX XOOO X  XXO O  O   O  X     - Winner:Winner.black
2018-04-05 23:19:43,674@connect4_zero.worker.self_play DEBUG # game 53 time=4.975825309753418 sec, turn=20:OXOXXXO XX OOX OO OXX  X O      O          - Winner:Winner.black
2018-04-05 23:19:51,787@connect4_zero.worker.self_play DEBUG # game 54 time=8.112927913665771 sec, turn=24:OXXOOXXXXO XOXXOO OXOO O   O  X   X        - Winner:Winner.black
2018-04-05 23:19:53,955@connect4_zero.worker.self_play DEBUG # game 55 time=2.167465925216675 sec, turn=11:OX XXXX O   OX O   O                       - Winner:Winner.white
2018-04-05 23:19:55,559@connect4_zero.worker.self_play DEBUG # game 56 time=1.6046550273895264 sec, turn=9:OXXXX OO O    X                            - Winner:Winner.white
2018-04-05 23:20:06,913@connect4_zero.worker.self_play DEBUG # game 57 time=11.353340864181519 sec, turn=42:XXXOXXOOOXOXOXXXOOOXXOOXXOOOXOXOXXXOOOOOXX - Winner:Winner.black
2018-04-05 23:20:09,141@connect4_zero.worker.self_play DEBUG # game 58 time=2.228052854537964 sec, turn=13:OXOOX  XXXXX  OOO                          - Winner:Winner.white
2018-04-05 23:20:16,134@connect4_zero.worker.self_play DEBUG # game 59 time=6.992077827453613 sec, turn=28:XXOXXXOOXOXXXOOOXOXXX O OOOO O      X      - Winner:Winner.black
2018-04-05 23:20:21,842@connect4_zero.worker.self_play DEBUG # game 60 time=5.708051919937134 sec, turn=23:XXXOXOXOOXXXO XXXO   OOX    OO     O       - Winner:Winner.white
2018-04-05 23:20:23,275@connect4_zero.worker.self_play DEBUG # game 61 time=1.4327433109283447 sec, turn=9:  XXXXO     OO     X      O                - Winner:Winner.white
2018-04-05 23:20:26,860@connect4_zero.worker.self_play DEBUG # game 62 time=3.584873914718628 sec, turn=17:X OXXOXO OO X O O  X   X  X   O  X         - Winner:Winner.white
2018-04-05 23:20:30,341@connect4_zero.worker.self_play DEBUG # game 63 time=3.481010913848877 sec, turn=17:OXXOOXXOX OOXX   OX     X      O           - Winner:Winner.white
2018-04-05 23:20:31,626@connect4_zero.worker.self_play DEBUG # game 64 time=1.2842800617218018 sec, turn=8:XXXOOOOX                                   - Winner:Winner.black
2018-04-05 23:20:38,583@connect4_zero.worker.self_play DEBUG # game 65 time=6.957304000854492 sec, turn=27:XXOXXXOOXOOOX XOOOXO  OXXXX  OO     X      - Winner:Winner.white
2018-04-05 23:20:40,357@connect4_zero.worker.self_play DEBUG # game 66 time=1.7740378379821777 sec, turn=11:OXXXXOO   X X    O O                       - Winner:Winner.white
2018-04-05 23:20:42,129@connect4_zero.worker.self_play DEBUG # game 67 time=1.7715740203857422 sec, turn=11:XXXXXOO    OO     X      O                 - Winner:Winner.white
2018-04-05 23:20:43,187@connect4_zero.worker.self_play DEBUG # game 68 time=1.05735182762146 sec, turn=7: XXXX O O      O                           - Winner:Winner.white
2018-04-05 23:20:45,147@connect4_zero.worker.self_play DEBUG # game 69 time=1.9597361087799072 sec, turn=12:X XOOOOX XO X    O      X                  - Winner:Winner.black
2018-04-05 23:20:49,672@connect4_zero.worker.self_play DEBUG # game 70 time=4.525050163269043 sec, turn=19:XOOXXOOXOXXOO XXX  O XO                    - Winner:Winner.white
2018-04-05 23:20:54,358@connect4_zero.worker.self_play DEBUG # game 71 time=4.685647010803223 sec, turn=19:XXOOXXOXO  O XXX  O OXO      O      X      - Winner:Winner.white
2018-04-05 23:21:04,010@connect4_zero.worker.self_play DEBUG # game 72 time=9.652334213256836 sec, turn=37:XOOXOXOXXOXX OOOXXX OOXOOO XOOOXX OXXXXX O - Winner:Winner.white
2018-04-05 23:21:05,888@connect4_zero.worker.self_play DEBUG # game 73 time=1.8774070739746094 sec, turn=11: OXOOXO  X  X   X  O   X                   - Winner:Winner.white
2018-04-05 23:21:16,013@connect4_zero.worker.self_play DEBUG # game 74 time=10.12463903427124 sec, turn=37:XXOXOOOOXXOXXOOOOXXXXOXXOOO XOXOO  XOXXX   - Winner:Winner.white
2018-04-05 23:21:17,722@connect4_zero.worker.self_play DEBUG # game 75 time=1.709218978881836 sec, turn=11:O  XXOXO  XOO    X      X                  - Winner:Winner.white
2018-04-05 23:21:22,921@connect4_zero.worker.self_play DEBUG # game 76 time=5.1979310512542725 sec, turn=24:OOOXXXOXOXXXOX OOOOX  XOX O   X            - Winner:Winner.black
2018-04-05 23:21:25,013@connect4_zero.worker.self_play DEBUG # game 77 time=2.0919418334960938 sec, turn=12:OXXOOOO OXX     XX                         - Winner:Winner.black
2018-04-05 23:21:26,710@connect4_zero.worker.self_play DEBUG # game 78 time=1.6968331336975098 sec, turn=11:X OXXXX  O O O  O   X                      - Winner:Winner.white
2018-04-05 23:21:28,149@connect4_zero.worker.self_play DEBUG # game 79 time=1.439465045928955 sec, turn=9: OOXXXX    XO     O                        - Winner:Winner.white
2018-04-05 23:21:29,396@connect4_zero.worker.self_play DEBUG # game 80 time=1.2459378242492676 sec, turn=9:OOXXXX     OO      X                       - Winner:Winner.white
2018-04-05 23:21:31,312@connect4_zero.worker.self_play DEBUG # game 81 time=1.9159810543060303 sec, turn=11:OOXO XX O   XO     X      X                - Winner:Winner.white
2018-04-05 23:21:36,685@connect4_zero.worker.self_play DEBUG # game 82 time=5.372934818267822 sec, turn=21:XOXOOXX XOXOOO O  XXX    XXO    O          - Winner:Winner.white
2018-04-05 23:21:38,320@connect4_zero.worker.self_play DEBUG # game 83 time=1.6352970600128174 sec, turn=9:  O XXO  O XO     X      X                 - Winner:Winner.white
2018-04-05 23:21:42,308@connect4_zero.worker.self_play DEBUG # game 84 time=3.9869141578674316 sec, turn=17:XOXXO XXOO X X OO O X    O X               - Winner:Winner.white
2018-04-05 23:21:44,075@connect4_zero.worker.self_play DEBUG # game 85 time=1.7675549983978271 sec, turn=11:XXXXOXX  O  OO  O                          - Winner:Winner.white
2018-04-05 23:21:45,195@connect4_zero.worker.self_play DEBUG # game 86 time=1.1190638542175293 sec, turn=7:O  XXXXO    O                              - Winner:Winner.white
