(False, None)
('none', 0, -1),
(False, None)
('none', 0, -1),('place', 0, 3),
(False, None)
('none', 0, -1),('place', 0, 3),('none', 0, -1),
(False, None)
('none', 0, -1),('place', 0, 3),('none', 0, -1),('none', 1, -1),
(False, None)
('none', 0, -1),('place', 0, 3),('none', 0, -1),('none', 1, -1),('place', 1, 3),
(False, None)
('none', 0, -1),('place', 0, 3),('none', 0, -1),('none', 1, -1),('place', 1, 3),('flip', 1, -1),
(False, None)
('none', 0, -1),('place', 0, 3),('none', 0, -1),('none', 1, -1),('place', 1, 3),('flip', 1, -1),('none', 0, -1),
(False, None)
('none', 0, -1),('place', 0, 3),('none', 0, -1),('none', 1, -1),('place', 1, 3),('flip', 1, -1),('none', 0, -1),('place', 0, 2),
(False, None)
('none', 0, -1),('place', 0, 3),('none', 0, -1),('none', 1, -1),('place', 1, 3),('flip', 1, -1),('none', 0, -1),('place', 0, 2),('flip', 0, -1),
(False, None)
('none', 0, -1),('place', 0, 3),('none', 0, -1),('none', 1, -1),('place', 1, 3),('flip', 1, -1),('none', 0, -1),('place', 0, 2),('flip', 0, -1),('none', 1, -1),
(False, None)
('none', 0, -1),('place', 0, 3),('none', 0, -1),('none', 1, -1),('place', 1, 3),('flip', 1, -1),('none', 0, -1),('place', 0, 2),('flip', 0, -1),('none', 1, -1),('place', 1, 2),
(False, None)
('none', 0, -1),('place', 0, 3),('none', 0, -1),('none', 1, -1),('place', 1, 3),('flip', 1, -1),('none', 0, -1),('place', 0, 2),('flip', 0, -1),('none', 1, -1),('place', 1, 2),('flip', 1, -1),
(False, None)
('none', 0, -1),('place', 0, 3),('none', 0, -1),('none', 1, -1),('place', 1, 3),('flip', 1, -1),('none', 0, -1),('place', 0, 2),('flip', 0, -1),('none', 1, -1),('place', 1, 2),('flip', 1, -1),('none', 0, -1),
(False, None)
('none', 0, -1),('place', 0, 3),('none', 0, -1),('none', 1, -1),('place', 1, 3),('flip', 1, -1),('none', 0, -1),('place', 0, 2),('flip', 0, -1),('none', 1, -1),('place', 1, 2),('flip', 1, -1),('none', 0, -1),('place', 0, 4),
(False, None)
('none', 0, -1),('place', 0, 3),('none', 0, -1),('none', 1, -1),('place', 1, 3),('flip', 1, -1),('none', 0, -1),('place', 0, 2),('flip', 0, -1),('none', 1, -1),('place', 1, 2),('flip', 1, -1),('none', 0, -1),('place', 0, 4),('flip', 0, -1),
(False, None)
('none', 0, -1),('place', 0, 3),('none', 0, -1),('none', 1, -1),('place', 1, 3),('flip', 1, -1),('none', 0, -1),('place', 0, 2),('flip', 0, -1),('none', 1, -1),('place', 1, 2),('flip', 1, -1),('none', 0, -1),('place', 0, 4),('flip', 0, -1),('none', 1, -1),
(False, None)
('none', 0, -1),('place', 0, 3),('none', 0, -1),('none', 1, -1),('place', 1, 3),('flip', 1, -1),('none', 0, -1),('place', 0, 2),('flip', 0, -1),('none', 1, -1),('place', 1, 2),('flip', 1, -1),('none', 0, -1),('place', 0, 4),('flip', 0, -1),('none', 1, -1),('place', 1, 4),
(False, None)
('none', 0, -1),('place', 0, 3),('none', 0, -1),('none', 1, -1),('place', 1, 3),('flip', 1, -1),('none', 0, -1),('place', 0, 2),('flip', 0, -1),('none', 1, -1),('place', 1, 2),('flip', 1, -1),('none', 0, -1),('place', 0, 4),('flip', 0, -1),('none', 1, -1),('place', 1, 4),('flip', 1, -1),
(False, None)
('none', 0, -1),('place', 0, 3),('none', 0, -1),('none', 1, -1),('place', 1, 3),('flip', 1, -1),('none', 0, -1),('place', 0, 2),('flip', 0, -1),('none', 1, -1),('place', 1, 2),('flip', 1, -1),('none', 0, -1),('place', 0, 4),('flip', 0, -1),('none', 1, -1),('place', 1, 4),('flip', 1, -1),('none', 0, -1),
(False, None)
('none', 0, -1),('place', 0, 3),('none', 0, -1),('none', 1, -1),('place', 1, 3),('flip', 1, -1),('none', 0, -1),('place', 0, 2),('flip', 0, -1),('none', 1, -1),('place', 1, 2),('flip', 1, -1),('none', 0, -1),('place', 0, 4),('flip', 0, -1),('none', 1, -1),('place', 1, 4),('flip', 1, -1),('none', 0, -1),('place', 0, 1),
(False, None)
('none', 0, -1),('place', 0, 3),('none', 0, -1),('none', 1, -1),('place', 1, 3),('flip', 1, -1),('none', 0, -1),('place', 0, 2),('flip', 0, -1),('none', 1, -1),('place', 1, 2),('flip', 1, -1),('none', 0, -1),('place', 0, 4),('flip', 0, -1),('none', 1, -1),('place', 1, 4),('flip', 1, -1),('none', 0, -1),('place', 0, 1),('flip', 0, -1),
(False, None)
('none', 0, -1),('place', 0, 3),('none', 0, -1),('none', 1, -1),('place', 1, 3),('flip', 1, -1),('none', 0, -1),('place', 0, 2),('flip', 0, -1),('none', 1, -1),('place', 1, 2),('flip', 1, -1),('none', 0, -1),('place', 0, 4),('flip', 0, -1),('none', 1, -1),('place', 1, 4),('flip', 1, -1),('none', 0, -1),('place', 0, 1),('flip', 0, -1),('none', 1, -1),
(True, ('HYBRID2', <function cell_sol_hybrid at 0x7fe4723aeea0>))
('none', 0, -1),('place', 0, 3),('none', 0, -1),('none', 1, -1),('place', 1, 3),('flip', 1, -1),('none', 0, -1),('place', 0, 2),('flip', 0, -1),('none', 1, -1),('place', 1, 2),('flip', 1, -1),('none', 0, -1),('place', 0, 4),('flip', 0, -1),('none', 1, -1),('place', 1, 4),('flip', 1, -1),('none', 0, -1),('place', 0, 1),('flip', 0, -1),('none', 1, -1),('place', 1, 1),
(False, None)
('none', 0, -1),
(False, None)
('none', 0, -1),('place', 0, 3),
(False, None)
('none', 0, -1),('place', 0, 3),('none', 0, -1),
(False, None)
('none', 0, -1),('place', 0, 3),('none', 0, -1),('none', 1, -1),
(False, None)
('none', 0, -1),('place', 0, 3),('none', 0, -1),('none', 1, -1),('place', 1, 3),
(False, None)
('none', 0, -1),('place', 0, 3),('none', 0, -1),('none', 1, -1),('place', 1, 3),('flip', 1, -1),
(False, None)
('none', 0, -1),('place', 0, 3),('none', 0, -1),('none', 1, -1),('place', 1, 3),('flip', 1, -1),('none', 0, -1),
(False, None)
('none', 0, -1),('place', 0, 3),('none', 0, -1),('none', 1, -1),('place', 1, 3),('flip', 1, -1),('none', 0, -1),('place', 0, 2),
(False, None)
('none', 0, -1),('place', 0, 3),('none', 0, -1),('none', 1, -1),('place', 1, 3),('flip', 1, -1),('none', 0, -1),('place', 0, 2),('flip', 0, -1),
(False, None)
('none', 0, -1),('place', 0, 3),('none', 0, -1),('none', 1, -1),('place', 1, 3),('flip', 1, -1),('none', 0, -1),('place', 0, 2),('flip', 0, -1),('none', 1, -1),
(False, None)
('none', 0, -1),('place', 0, 3),('none', 0, -1),('none', 1, -1),('place', 1, 3),('flip', 1, -1),('none', 0, -1),('place', 0, 2),('flip', 0, -1),('none', 1, -1),('place', 1, 2),
(False, None)
('none', 0, -1),('place', 0, 3),('none', 0, -1),('none', 1, -1),('place', 1, 3),('flip', 1, -1),('none', 0, -1),('place', 0, 2),('flip', 0, -1),('none', 1, -1),('place', 1, 2),('flip', 1, -1),
(False, None)
('none', 0, -1),('place', 0, 3),('none', 0, -1),('none', 1, -1),('place', 1, 3),('flip', 1, -1),('none', 0, -1),('place', 0, 2),('flip', 0, -1),('none', 1, -1),('place', 1, 2),('flip', 1, -1),('none', 0, -1),
(False, None)
('none', 0, -1),('place', 0, 3),('none', 0, -1),('none', 1, -1),('place', 1, 3),('flip', 1, -1),('none', 0, -1),('place', 0, 2),('flip', 0, -1),('none', 1, -1),('place', 1, 2),('flip', 1, -1),('none', 0, -1),('place', 0, 4),
(False, None)
('none', 0, -1),('place', 0, 3),('none', 0, -1),('none', 1, -1),('place', 1, 3),('flip', 1, -1),('none', 0, -1),('place', 0, 2),('flip', 0, -1),('none', 1, -1),('place', 1, 2),('flip', 1, -1),('none', 0, -1),('place', 0, 4),('flip', 0, -1),
(False, None)
('none', 0, -1),('place', 0, 3),('none', 0, -1),('none', 1, -1),('place', 1, 3),('flip', 1, -1),('none', 0, -1),('place', 0, 2),('flip', 0, -1),('none', 1, -1),('place', 1, 2),('flip', 1, -1),('none', 0, -1),('place', 0, 4),('flip', 0, -1),('none', 1, -1),
(False, None)
('none', 0, -1),('place', 0, 3),('none', 0, -1),('none', 1, -1),('place', 1, 3),('flip', 1, -1),('none', 0, -1),('place', 0, 2),('flip', 0, -1),('none', 1, -1),('place', 1, 2),('flip', 1, -1),('none', 0, -1),('place', 0, 4),('flip', 0, -1),('none', 1, -1),('place', 1, 4),
(False, None)
('none', 0, -1),('place', 0, 3),('none', 0, -1),('none', 1, -1),('place', 1, 3),('flip', 1, -1),('none', 0, -1),('place', 0, 2),('flip', 0, -1),('none', 1, -1),('place', 1, 2),('flip', 1, -1),('none', 0, -1),('place', 0, 4),('flip', 0, -1),('none', 1, -1),('place', 1, 4),('flip', 1, -1),
(False, None)
('none', 0, -1),('place', 0, 3),('none', 0, -1),('none', 1, -1),('place', 1, 3),('flip', 1, -1),('none', 0, -1),('place', 0, 2),('flip', 0, -1),('none', 1, -1),('place', 1, 2),('flip', 1, -1),('none', 0, -1),('place', 0, 4),('flip', 0, -1),('none', 1, -1),('place', 1, 4),('flip', 1, -1),('none', 0, -1),
(False, None)
('none', 0, -1),('place', 0, 3),('none', 0, -1),('none', 1, -1),('place', 1, 3),('flip', 1, -1),('none', 0, -1),('place', 0, 2),('flip', 0, -1),('none', 1, -1),('place', 1, 2),('flip', 1, -1),('none', 0, -1),('place', 0, 4),('flip', 0, -1),('none', 1, -1),('place', 1, 4),('flip', 1, -1),('none', 0, -1),('place', 0, 1),
(False, None)
('none', 0, -1),('place', 0, 3),('none', 0, -1),('none', 1, -1),('place', 1, 3),('flip', 1, -1),('none', 0, -1),('place', 0, 2),('flip', 0, -1),('none', 1, -1),('place', 1, 2),('flip', 1, -1),('none', 0, -1),('place', 0, 4),('flip', 0, -1),('none', 1, -1),('place', 1, 4),('flip', 1, -1),('none', 0, -1),('place', 0, 1),('flip', 0, -1),
(False, None)
('none', 0, -1),('place', 0, 3),('none', 0, -1),('none', 1, -1),('place', 1, 3),('flip', 1, -1),('none', 0, -1),('place', 0, 2),('flip', 0, -1),('none', 1, -1),('place', 1, 2),('flip', 1, -1),('none', 0, -1),('place', 0, 4),('flip', 0, -1),('none', 1, -1),('place', 1, 4),('flip', 1, -1),('none', 0, -1),('place', 0, 1),('flip', 0, -1),('none', 1, -1),
(True, ('HYBRID2', <function cell_sol_hybrid at 0x7fe1a9d8aea0>))
('none', 0, -1),('place', 0, 3),('none', 0, -1),('none', 1, -1),('place', 1, 3),('flip', 1, -1),('none', 0, -1),('place', 0, 2),('flip', 0, -1),('none', 1, -1),('place', 1, 2),('flip', 1, -1),('none', 0, -1),('place', 0, 4),('flip', 0, -1),('none', 1, -1),('place', 1, 4),('flip', 1, -1),('none', 0, -1),('place', 0, 1),('flip', 0, -1),('none', 1, -1),('place', 1, 1),
